<?xml version="1.0" encoding="UTF-8"?>
<testsuite xmlns:xsi="http://www.w3.org/2001/XMLSchema-instance" xsi:noNamespaceSchemaLocation="https://maven.apache.org/surefire/maven-surefire-plugin/xsd/surefire-test-report.xsd" version="3.0.2" name="com.GHOST.ThreadLocalTest" time="0.005" tests="1" errors="0" skipped="0" failures="0">
  <properties>
[...]
</properties>
  <testcase name="testThreadLocalSetAndGet" classname="com.GHOST.ThreadLocalTest" time="0.004">
    <system-out><![CDATA[Thread-1 : ThreadLocal-1 Value
Thread-1 : ThreadLocal-1 Value
Thread-1 : ThreadLocal-1 Value
Thread-2 : ThreadLocal-2 Value
Thread-2 : ThreadLocal-2 Value
]]></system-out>
  </testcase>
</testsuite>